Creating test database for alias 'default' ('file:memorydb_default?mode=memory&cache=shared')...
Operations to perform:
  Synchronize unmigrated apps: messages, rest_framework, staticfiles
  Apply all migrations: admin, animal, auth, characteristic, contenttypes, group, sessions
Synchronizing apps without migrations:
  Creating tables...
    Running deferred SQL...
Running migrations:
  Applying contenttypes.0001_initial... OK
  Applying auth.0001_initial... OK
  Applying admin.0001_initial... OK
  Applying admin.0002_logentry_remove_auto_add... OK
  Applying admin.0003_logentry_add_action_flag_choices... OK
  Applying group.0001_initial... OK
  Applying characteristic.0001_initial... OK
  Applying animal.0001_initial... OK
  Applying contenttypes.0002_remove_content_type_name... OK
  Applying auth.0002_alter_permission_name_max_length... OK
  Applying auth.0003_alter_user_email_max_length... OK
  Applying auth.0004_alter_user_username_opts... OK
  Applying auth.0005_alter_user_last_login_null... OK
  Applying auth.0006_require_contenttypes_0002... OK
  Applying auth.0007_alter_validators_add_error_messages... OK
  Applying auth.0008_alter_user_username_max_length... OK
  Applying auth.0009_alter_user_last_name_max_length... OK
  Applying auth.0010_alter_group_name_max_length... OK
  Applying auth.0011_update_proxy_permissions... OK
  Applying auth.0012_alter_user_first_name_max_length... OK
  Applying sessions.0001_initial... OK
System check identified no issues (0 silenced).
test_create_animal (test_api.TestAnimalView) ... ERROR
test_create_two_animals_with_the_same_characteristic (test_api.TestAnimalView) ... ERROR
test_create_two_animals_with_the_same_group (test_api.TestAnimalView) ... ERROR
test_delete_animal (test_api.TestAnimalView) ... FAIL
test_filter_animals (test_api.TestAnimalView) ... FAIL
test_get_two_animals_alike (test_api.TestAnimalView) ... ERROR
test_list_animals (test_api.TestAnimalView) ... ERROR

======================================================================
ERROR: test_create_animal (test_api.TestAnimalView)
----------------------------------------------------------------------
Traceback (most recent call last):
  File "/home/ximitti/projects/Kenzie/Q4/sprint1/kenzie-pet/test_api.py", line 75, in test_create_animal
    self.assertDictContainsSubset({"id": 1}, post_response.json())
  File "/home/ximitti/projects/Kenzie/Q4/sprint1/kenzie-pet/.venv/lib/python3.9/site-packages/django/test/client.py", line 662, in _parse_json
    raise ValueError(
ValueError: Content-Type header is "text/html", not "application/json"

======================================================================
ERROR: test_create_two_animals_with_the_same_characteristic (test_api.TestAnimalView)
----------------------------------------------------------------------
Traceback (most recent call last):
  File "/home/ximitti/projects/Kenzie/Q4/sprint1/kenzie-pet/test_api.py", line 131, in test_create_two_animals_with_the_same_characteristic
    post_response.json()["characteristics"][0]["id"],
  File "/home/ximitti/projects/Kenzie/Q4/sprint1/kenzie-pet/.venv/lib/python3.9/site-packages/django/test/client.py", line 662, in _parse_json
    raise ValueError(
ValueError: Content-Type header is "text/html", not "application/json"

======================================================================
ERROR: test_create_two_animals_with_the_same_group (test_api.TestAnimalView)
----------------------------------------------------------------------
Traceback (most recent call last):
  File "/home/ximitti/projects/Kenzie/Q4/sprint1/kenzie-pet/test_api.py", line 146, in test_create_two_animals_with_the_same_group
    post_response.json()["group"], post_response_3.json()["group"]
  File "/home/ximitti/projects/Kenzie/Q4/sprint1/kenzie-pet/.venv/lib/python3.9/site-packages/django/test/client.py", line 662, in _parse_json
    raise ValueError(
ValueError: Content-Type header is "text/html", not "application/json"

======================================================================
ERROR: test_get_two_animals_alike (test_api.TestAnimalView)
----------------------------------------------------------------------
Traceback (most recent call last):
  File "/home/ximitti/projects/Kenzie/Q4/sprint1/kenzie-pet/test_api.py", line 99, in test_get_two_animals_alike
    self.assertEqual(len(get_response.json()), 2)
  File "/home/ximitti/projects/Kenzie/Q4/sprint1/kenzie-pet/.venv/lib/python3.9/site-packages/django/test/client.py", line 662, in _parse_json
    raise ValueError(
ValueError: Content-Type header is "text/html", not "application/json"

======================================================================
ERROR: test_list_animals (test_api.TestAnimalView)
----------------------------------------------------------------------
Traceback (most recent call last):
  File "/home/ximitti/projects/Kenzie/Q4/sprint1/kenzie-pet/test_api.py", line 82, in test_list_animals
    self.assertEqual(get_response.json(), [])
  File "/home/ximitti/projects/Kenzie/Q4/sprint1/kenzie-pet/.venv/lib/python3.9/site-packages/django/test/client.py", line 662, in _parse_json
    raise ValueError(
ValueError: Content-Type header is "text/html", not "application/json"

======================================================================
FAIL: test_delete_animal (test_api.TestAnimalView)
----------------------------------------------------------------------
Traceback (most recent call last):
  File "/home/ximitti/projects/Kenzie/Q4/sprint1/kenzie-pet/test_api.py", line 117, in test_delete_animal
    self.assertEqual(delete_response.status_code, 204)
AssertionError: 404 != 204

======================================================================
FAIL: test_filter_animals (test_api.TestAnimalView)
----------------------------------------------------------------------
Traceback (most recent call last):
  File "/home/ximitti/projects/Kenzie/Q4/sprint1/kenzie-pet/test_api.py", line 109, in test_filter_animals
    self.assertEqual(get_response.status_code, 200)
AssertionError: 404 != 200

----------------------------------------------------------------------
Ran 7 tests in 0.022s

FAILED (failures=2, errors=5)
Destroying test database for alias 'default' ('file:memorydb_default?mode=memory&cache=shared')...
